2024-08-29 21:16:57,357 INFO "GET /news/ HTTP/1.1" 200 5119 C:\Users\HP\Desktop\News\.venv\Lib\site-packages\django\core\servers\basehttp.py None
2024-08-29 21:16:58,713 INFO "GET /news/ HTTP/1.1" 200 5119 C:\Users\HP\Desktop\News\.venv\Lib\site-packages\django\core\servers\basehttp.py None
2024-08-29 21:17:16,570 INFO "GET /news/ HTTP/1.1" 200 5119 C:\Users\HP\Desktop\News\.venv\Lib\site-packages\django\core\servers\basehttp.py None
2024-08-29 21:18:13,374 INFO "GET /news/ HTTP/1.1" 200 5119 C:\Users\HP\Desktop\News\.venv\Lib\site-packages\django\core\servers\basehttp.py None
2024-08-29 21:18:51,142 INFO "GET /news/ HTTP/1.1" 200 5119 C:\Users\HP\Desktop\News\.venv\Lib\site-packages\django\core\servers\basehttp.py None
2024-08-29 21:18:53,188 INFO "GET /news/ HTTP/1.1" 200 5119 C:\Users\HP\Desktop\News\.venv\Lib\site-packages\django\core\servers\basehttp.py None
2024-08-29 21:21:30,269 INFO "GET /news/ HTTP/1.1" 200 5119 C:\Users\HP\Desktop\News\.venv\Lib\site-packages\django\core\servers\basehttp.py None
2024-08-29 21:21:50,390 INFO "POST /admin/login/?next=/admin/ HTTP/1.1" 200 4319 C:\Users\HP\Desktop\News\.venv\Lib\site-packages\django\core\servers\basehttp.py None
2024-08-29 21:21:59,321 INFO "POST /admin/login/?next=/admin/ HTTP/1.1" 200 4319 C:\Users\HP\Desktop\News\.venv\Lib\site-packages\django\core\servers\basehttp.py None
2024-08-29 21:22:06,650 INFO "POST /admin/login/?next=/admin/ HTTP/1.1" 302 0 C:\Users\HP\Desktop\News\.venv\Lib\site-packages\django\core\servers\basehttp.py None
2024-08-29 21:22:06,721 INFO "GET /admin/ HTTP/1.1" 200 14868 C:\Users\HP\Desktop\News\.venv\Lib\site-packages\django\core\servers\basehttp.py None
2024-08-29 21:22:06,870 INFO "GET /static/admin/css/dashboard.css HTTP/1.1" 200 441 C:\Users\HP\Desktop\News\.venv\Lib\site-packages\django\core\servers\basehttp.py None
2024-08-29 21:22:06,885 INFO "GET /static/admin/img/icon-addlink.svg HTTP/1.1" 304 0 C:\Users\HP\Desktop\News\.venv\Lib\site-packages\django\core\servers\basehttp.py None
2024-08-29 21:22:06,900 INFO "GET /static/admin/img/icon-changelink.svg HTTP/1.1" 200 380 C:\Users\HP\Desktop\News\.venv\Lib\site-packages\django\core\servers\basehttp.py None
2024-08-29 21:22:06,905 INFO "GET /static/admin/img/icon-deletelink.svg HTTP/1.1" 200 392 C:\Users\HP\Desktop\News\.venv\Lib\site-packages\django\core\servers\basehttp.py None
2024-08-29 21:22:27,736 INFO "GET /news/ HTTP/1.1" 200 5599 C:\Users\HP\Desktop\News\.venv\Lib\site-packages\django\core\servers\basehttp.py None
2024-08-29 21:22:31,942 INFO "GET /news/create/ HTTP/1.1" 200 4428 C:\Users\HP\Desktop\News\.venv\Lib\site-packages\django\core\servers\basehttp.py None
2024-08-29 21:22:43,860 INFO "POST /news/create/ HTTP/1.1" 200 4743 C:\Users\HP\Desktop\News\.venv\Lib\site-packages\django\core\servers\basehttp.py None
2024-08-29 21:22:52,592 INFO "POST /news/create/ HTTP/1.1" 200 4855 C:\Users\HP\Desktop\News\.venv\Lib\site-packages\django\core\servers\basehttp.py None
2024-08-29 21:22:58,745 INFO "POST /news/create/ HTTP/1.1" 200 4659 C:\Users\HP\Desktop\News\.venv\Lib\site-packages\django\core\servers\basehttp.py None
2024-08-29 21:23:16,360 INFO "POST /news/create/ HTTP/1.1" 200 5650 C:\Users\HP\Desktop\News\.venv\Lib\site-packages\django\core\servers\basehttp.py None
2024-08-29 21:46:07,916 INFO "POST /news/create/ HTTP/1.1" 200 5650 C:\Users\HP\Desktop\News\.venv\Lib\site-packages\django\core\servers\basehttp.py None
2024-08-29 21:46:17,362 INFO "GET /admin/ HTTP/1.1" 200 14868 C:\Users\HP\Desktop\News\.venv\Lib\site-packages\django\core\servers\basehttp.py None
2024-08-29 21:46:21,136 INFO "GET /admin/news/post/ HTTP/1.1" 200 24878 C:\Users\HP\Desktop\News\.venv\Lib\site-packages\django\core\servers\basehttp.py None
2024-08-29 21:46:21,200 INFO "GET /static/admin/css/changelists.css HTTP/1.1" 304 0 C:\Users\HP\Desktop\News\.venv\Lib\site-packages\django\core\servers\basehttp.py None
2024-08-29 21:46:21,293 INFO "GET /static/admin/js/jquery.init.js HTTP/1.1" 200 347 C:\Users\HP\Desktop\News\.venv\Lib\site-packages\django\core\servers\basehttp.py None
2024-08-29 21:46:21,309 INFO "GET /admin/jsi18n/ HTTP/1.1" 200 3342 C:\Users\HP\Desktop\News\.venv\Lib\site-packages\django\core\servers\basehttp.py None
2024-08-29 21:46:21,312 INFO "GET /static/admin/js/core.js HTTP/1.1" 200 6208 C:\Users\HP\Desktop\News\.venv\Lib\site-packages\django\core\servers\basehttp.py None
2024-08-29 21:46:21,312 INFO "GET /static/admin/js/actions.js HTTP/1.1" 200 8067 C:\Users\HP\Desktop\News\.venv\Lib\site-packages\django\core\servers\basehttp.py None
2024-08-29 21:46:21,336 INFO "GET /static/admin/js/admin/RelatedObjectLookups.js HTTP/1.1" 200 9042 C:\Users\HP\Desktop\News\.venv\Lib\site-packages\django\core\servers\basehttp.py None
2024-08-29 21:46:21,385 INFO "GET /static/admin/img/search.svg HTTP/1.1" 200 458 C:\Users\HP\Desktop\News\.venv\Lib\site-packages\django\core\servers\basehttp.py None
2024-08-29 21:46:21,389 INFO "GET /static/admin/js/urlify.js HTTP/1.1" 200 7887 C:\Users\HP\Desktop\News\.venv\Lib\site-packages\django\core\servers\basehttp.py None
2024-08-29 21:46:21,409 INFO "GET /static/admin/js/prepopulate.js HTTP/1.1" 200 1531 C:\Users\HP\Desktop\News\.venv\Lib\site-packages\django\core\servers\basehttp.py None
2024-08-29 21:46:21,414 INFO "GET /static/admin/js/vendor/jquery/jquery.js HTTP/1.1" 200 285314 C:\Users\HP\Desktop\News\.venv\Lib\site-packages\django\core\servers\basehttp.py None
2024-08-29 21:46:21,444 INFO "GET /static/admin/js/filters.js HTTP/1.1" 304 0 C:\Users\HP\Desktop\News\.venv\Lib\site-packages\django\core\servers\basehttp.py None
2024-08-29 21:46:21,596 INFO "GET /static/admin/js/vendor/xregexp/xregexp.js HTTP/1.1" 200 325171 C:\Users\HP\Desktop\News\.venv\Lib\site-packages\django\core\servers\basehttp.py None
2024-08-29 21:46:21,658 INFO "GET /static/admin/img/tooltag-add.svg HTTP/1.1" 200 331 C:\Users\HP\Desktop\News\.venv\Lib\site-packages\django\core\servers\basehttp.py None
2024-08-29 21:46:21,664 INFO "GET /static/admin/img/icon-viewlink.svg HTTP/1.1" 200 581 C:\Users\HP\Desktop\News\.venv\Lib\site-packages\django\core\servers\basehttp.py None
2024-08-29 21:46:34,334 INFO "GET /admin/news/post/ HTTP/1.1" 200 24878 C:\Users\HP\Desktop\News\.venv\Lib\site-packages\django\core\servers\basehttp.py None
2024-08-29 21:46:34,404 INFO "GET /admin/jsi18n/ HTTP/1.1" 200 3342 C:\Users\HP\Desktop\News\.venv\Lib\site-packages\django\core\servers\basehttp.py None
2024-08-29 21:46:50,626 INFO "POST /news/create/ HTTP/1.1" 200 5650 C:\Users\HP\Desktop\News\.venv\Lib\site-packages\django\core\servers\basehttp.py None
2024-08-29 21:46:55,363 INFO "GET /admin/news/post/ HTTP/1.1" 200 24878 C:\Users\HP\Desktop\News\.venv\Lib\site-packages\django\core\servers\basehttp.py None
2024-08-29 21:46:55,438 INFO "GET /admin/jsi18n/ HTTP/1.1" 200 3342 C:\Users\HP\Desktop\News\.venv\Lib\site-packages\django\core\servers\basehttp.py None
2024-08-29 21:47:49,091 ERROR Internal Server Error: /news/create/ C:\Users\HP\Desktop\News\.venv\Lib\site-packages\django\utils\log.py (<class 'django.db.utils.OperationalError'>, OperationalError('database is locked'), <traceback object at 0x000002060DF94980>)
Traceback (most recent call last):
  File "C:\Users\HP\Desktop\News\.venv\Lib\site-packages\django\db\utils.py", line 98, in inner
    return func(*args, **kwargs)
           ^^^^^^^^^^^^^^^^^^^^^
sqlite3.OperationalError: database is locked

The above exception was the direct cause of the following exception:

Traceback (most recent call last):
  File "C:\Users\HP\Desktop\News\.venv\Lib\site-packages\django\core\handlers\exception.py", line 55, in inner
    response = get_response(request)
               ^^^^^^^^^^^^^^^^^^^^^
  File "C:\Users\HP\Desktop\News\.venv\Lib\site-packages\django\core\handlers\base.py", line 197, in _get_response
    response = wrapped_callback(request, *callback_args, **callback_kwargs)
               ^^^^^^^^^^^^^^^^^^^^^^^^^^^^^^^^^^^^^^^^^^^^^^^^^^^^^^^^^^^^
  File "C:\Users\HP\Desktop\News\.venv\Lib\site-packages\django\views\generic\base.py", line 104, in view
    return self.dispatch(request, *args, **kwargs)
           ^^^^^^^^^^^^^^^^^^^^^^^^^^^^^^^^^^^^^^^
  File "C:\Users\HP\Desktop\News\.venv\Lib\site-packages\django\contrib\auth\mixins.py", line 109, in dispatch
    return super().dispatch(request, *args, **kwargs)
           ^^^^^^^^^^^^^^^^^^^^^^^^^^^^^^^^^^^^^^^^^^
  File "C:\Users\HP\Desktop\News\.venv\Lib\site-packages\django\views\generic\base.py", line 143, in dispatch
    return handler(request, *args, **kwargs)
           ^^^^^^^^^^^^^^^^^^^^^^^^^^^^^^^^^
  File "C:\Users\HP\Desktop\News\.venv\Lib\site-packages\django\views\generic\edit.py", line 182, in post
    return super().post(request, *args, **kwargs)
           ^^^^^^^^^^^^^^^^^^^^^^^^^^^^^^^^^^^^^^
  File "C:\Users\HP\Desktop\News\.venv\Lib\site-packages\django\views\generic\edit.py", line 151, in post
    return self.form_valid(form)
           ^^^^^^^^^^^^^^^^^^^^^
  File "C:\Users\HP\Desktop\News\.venv\Lib\site-packages\django\views\generic\edit.py", line 133, in form_valid
    self.object = form.save()
                  ^^^^^^^^^^^
  File "C:\Users\HP\Desktop\News\.venv\Lib\site-packages\django\forms\models.py", line 552, in save
    self.instance.save()
  File "C:\Users\HP\Desktop\News\BBC\news\models.py", line 61, in save
    super().save(*args, **kwargs)
  File "C:\Users\HP\Desktop\News\.venv\Lib\site-packages\django\db\models\base.py", line 822, in save
    self.save_base(
  File "C:\Users\HP\Desktop\News\.venv\Lib\site-packages\django\db\models\base.py", line 909, in save_base
    updated = self._save_table(
              ^^^^^^^^^^^^^^^^^
  File "C:\Users\HP\Desktop\News\.venv\Lib\site-packages\django\db\models\base.py", line 1071, in _save_table
    results = self._do_insert(
              ^^^^^^^^^^^^^^^^
  File "C:\Users\HP\Desktop\News\.venv\Lib\site-packages\django\db\models\base.py", line 1112, in _do_insert
    return manager._insert(
           ^^^^^^^^^^^^^^^^
  File "C:\Users\HP\Desktop\News\.venv\Lib\site-packages\django\db\models\manager.py", line 87, in manager_method
    return getattr(self.get_queryset(), name)(*args, **kwargs)
           ^^^^^^^^^^^^^^^^^^^^^^^^^^^^^^^^^^^^^^^^^^^^^^^^^^^
  File "C:\Users\HP\Desktop\News\.venv\Lib\site-packages\django\db\models\query.py", line 1847, in _insert
    return query.get_compiler(using=using).execute_sql(returning_fields)
           ^^^^^^^^^^^^^^^^^^^^^^^^^^^^^^^^^^^^^^^^^^^^^^^^^^^^^^^^^^^^^
  File "C:\Users\HP\Desktop\News\.venv\Lib\site-packages\django\db\models\sql\compiler.py", line 1835, in execute_sql
    self.connection.ops.fetch_returned_insert_columns(
  File "C:\Users\HP\Desktop\News\.venv\Lib\site-packages\django\db\backends\base\operations.py", line 216, in fetch_returned_insert_columns
    return cursor.fetchone()
           ^^^^^^^^^^^^^^^^^
  File "C:\Users\HP\Desktop\News\.venv\Lib\site-packages\django\db\utils.py", line 97, in inner
    with self:
  File "C:\Users\HP\Desktop\News\.venv\Lib\site-packages\django\db\utils.py", line 91, in __exit__
    raise dj_exc_value.with_traceback(traceback) from exc_value
  File "C:\Users\HP\Desktop\News\.venv\Lib\site-packages\django\db\utils.py", line 98, in inner
    return func(*args, **kwargs)
           ^^^^^^^^^^^^^^^^^^^^^
django.db.utils.OperationalError: database is locked
2024-08-29 21:47:49,124 ERROR Internal Server Error: /news/create/ C:\Users\HP\Desktop\News\.venv\Lib\site-packages\django\utils\log.py (<class 'django.db.utils.OperationalError'>, OperationalError('database is locked'), <traceback object at 0x000002060D538340>)
Traceback (most recent call last):
  File "C:\Users\HP\Desktop\News\.venv\Lib\site-packages\django\db\utils.py", line 98, in inner
    return func(*args, **kwargs)
           ^^^^^^^^^^^^^^^^^^^^^
sqlite3.OperationalError: database is locked

The above exception was the direct cause of the following exception:

Traceback (most recent call last):
  File "C:\Users\HP\Desktop\News\.venv\Lib\site-packages\django\core\handlers\exception.py", line 55, in inner
    response = get_response(request)
               ^^^^^^^^^^^^^^^^^^^^^
  File "C:\Users\HP\Desktop\News\.venv\Lib\site-packages\django\core\handlers\base.py", line 197, in _get_response
    response = wrapped_callback(request, *callback_args, **callback_kwargs)
               ^^^^^^^^^^^^^^^^^^^^^^^^^^^^^^^^^^^^^^^^^^^^^^^^^^^^^^^^^^^^
  File "C:\Users\HP\Desktop\News\.venv\Lib\site-packages\django\views\generic\base.py", line 104, in view
    return self.dispatch(request, *args, **kwargs)
           ^^^^^^^^^^^^^^^^^^^^^^^^^^^^^^^^^^^^^^^
  File "C:\Users\HP\Desktop\News\.venv\Lib\site-packages\django\contrib\auth\mixins.py", line 109, in dispatch
    return super().dispatch(request, *args, **kwargs)
           ^^^^^^^^^^^^^^^^^^^^^^^^^^^^^^^^^^^^^^^^^^
  File "C:\Users\HP\Desktop\News\.venv\Lib\site-packages\django\views\generic\base.py", line 143, in dispatch
    return handler(request, *args, **kwargs)
           ^^^^^^^^^^^^^^^^^^^^^^^^^^^^^^^^^
  File "C:\Users\HP\Desktop\News\.venv\Lib\site-packages\django\views\generic\edit.py", line 182, in post
    return super().post(request, *args, **kwargs)
           ^^^^^^^^^^^^^^^^^^^^^^^^^^^^^^^^^^^^^^
  File "C:\Users\HP\Desktop\News\.venv\Lib\site-packages\django\views\generic\edit.py", line 151, in post
    return self.form_valid(form)
           ^^^^^^^^^^^^^^^^^^^^^
  File "C:\Users\HP\Desktop\News\.venv\Lib\site-packages\django\views\generic\edit.py", line 133, in form_valid
    self.object = form.save()
                  ^^^^^^^^^^^
  File "C:\Users\HP\Desktop\News\.venv\Lib\site-packages\django\forms\models.py", line 552, in save
    self.instance.save()
  File "C:\Users\HP\Desktop\News\BBC\news\models.py", line 61, in save
    super().save(*args, **kwargs)
  File "C:\Users\HP\Desktop\News\.venv\Lib\site-packages\django\db\models\base.py", line 822, in save
    self.save_base(
  File "C:\Users\HP\Desktop\News\.venv\Lib\site-packages\django\db\models\base.py", line 909, in save_base
    updated = self._save_table(
              ^^^^^^^^^^^^^^^^^
  File "C:\Users\HP\Desktop\News\.venv\Lib\site-packages\django\db\models\base.py", line 1071, in _save_table
    results = self._do_insert(
              ^^^^^^^^^^^^^^^^
  File "C:\Users\HP\Desktop\News\.venv\Lib\site-packages\django\db\models\base.py", line 1112, in _do_insert
    return manager._insert(
           ^^^^^^^^^^^^^^^^
  File "C:\Users\HP\Desktop\News\.venv\Lib\site-packages\django\db\models\manager.py", line 87, in manager_method
    return getattr(self.get_queryset(), name)(*args, **kwargs)
           ^^^^^^^^^^^^^^^^^^^^^^^^^^^^^^^^^^^^^^^^^^^^^^^^^^^
  File "C:\Users\HP\Desktop\News\.venv\Lib\site-packages\django\db\models\query.py", line 1847, in _insert
    return query.get_compiler(using=using).execute_sql(returning_fields)
           ^^^^^^^^^^^^^^^^^^^^^^^^^^^^^^^^^^^^^^^^^^^^^^^^^^^^^^^^^^^^^
  File "C:\Users\HP\Desktop\News\.venv\Lib\site-packages\django\db\models\sql\compiler.py", line 1835, in execute_sql
    self.connection.ops.fetch_returned_insert_columns(
  File "C:\Users\HP\Desktop\News\.venv\Lib\site-packages\django\db\backends\base\operations.py", line 216, in fetch_returned_insert_columns
    return cursor.fetchone()
           ^^^^^^^^^^^^^^^^^
  File "C:\Users\HP\Desktop\News\.venv\Lib\site-packages\django\db\utils.py", line 97, in inner
    with self:
  File "C:\Users\HP\Desktop\News\.venv\Lib\site-packages\django\db\utils.py", line 91, in __exit__
    raise dj_exc_value.with_traceback(traceback) from exc_value
  File "C:\Users\HP\Desktop\News\.venv\Lib\site-packages\django\db\utils.py", line 98, in inner
    return func(*args, **kwargs)
           ^^^^^^^^^^^^^^^^^^^^^
django.db.utils.OperationalError: database is locked
2024-08-29 21:47:49,138 ERROR "POST /news/create/ HTTP/1.1" 500 166293 C:\Users\HP\Desktop\News\.venv\Lib\site-packages\django\core\servers\basehttp.py None
2024-08-29 21:47:49,144 INFO - Broken pipe from ('127.0.0.1', 61542) C:\Users\HP\Desktop\News\.venv\Lib\site-packages\django\core\servers\basehttp.py None
2024-08-29 21:47:49,295 ERROR Internal Server Error: /news/create/ C:\Users\HP\Desktop\News\.venv\Lib\site-packages\django\utils\log.py (<class 'django.db.utils.OperationalError'>, OperationalError('database is locked'), <traceback object at 0x000002060D774240>)
Traceback (most recent call last):
  File "C:\Users\HP\Desktop\News\.venv\Lib\site-packages\django\contrib\sessions\backends\base.py", line 187, in _get_session
    return self._session_cache
           ^^^^^^^^^^^^^^^^^^^
AttributeError: 'SessionStore' object has no attribute '_session_cache'

During handling of the above exception, another exception occurred:

Traceback (most recent call last):
  File "C:\Users\HP\Desktop\News\.venv\Lib\site-packages\django\db\backends\utils.py", line 105, in _execute
    return self.cursor.execute(sql, params)
           ^^^^^^^^^^^^^^^^^^^^^^^^^^^^^^^^
  File "C:\Users\HP\Desktop\News\.venv\Lib\site-packages\django\db\backends\sqlite3\base.py", line 329, in execute
    return super().execute(query, params)
           ^^^^^^^^^^^^^^^^^^^^^^^^^^^^^^
sqlite3.OperationalError: database is locked

The above exception was the direct cause of the following exception:

Traceback (most recent call last):
  File "C:\Users\HP\Desktop\News\.venv\Lib\site-packages\django\core\handlers\exception.py", line 55, in inner
    response = get_response(request)
               ^^^^^^^^^^^^^^^^^^^^^
  File "C:\Users\HP\Desktop\News\.venv\Lib\site-packages\django\core\handlers\base.py", line 197, in _get_response
    response = wrapped_callback(request, *callback_args, **callback_kwargs)
               ^^^^^^^^^^^^^^^^^^^^^^^^^^^^^^^^^^^^^^^^^^^^^^^^^^^^^^^^^^^^
  File "C:\Users\HP\Desktop\News\.venv\Lib\site-packages\django\views\generic\base.py", line 104, in view
    return self.dispatch(request, *args, **kwargs)
           ^^^^^^^^^^^^^^^^^^^^^^^^^^^^^^^^^^^^^^^
  File "C:\Users\HP\Desktop\News\.venv\Lib\site-packages\django\contrib\auth\mixins.py", line 107, in dispatch
    if not self.has_permission():
           ^^^^^^^^^^^^^^^^^^^^^
  File "C:\Users\HP\Desktop\News\.venv\Lib\site-packages\django\contrib\auth\mixins.py", line 104, in has_permission
    return self.request.user.has_perms(perms)
           ^^^^^^^^^^^^^^^^^^^^^^^^^^^
  File "C:\Users\HP\Desktop\News\.venv\Lib\site-packages\django\utils\functional.py", line 251, in inner
    self._setup()
  File "C:\Users\HP\Desktop\News\.venv\Lib\site-packages\django\utils\functional.py", line 404, in _setup
    self._wrapped = self._setupfunc()
                    ^^^^^^^^^^^^^^^^^
  File "C:\Users\HP\Desktop\News\.venv\Lib\site-packages\django\contrib\auth\middleware.py", line 33, in <lambda>
    request.user = SimpleLazyObject(lambda: get_user(request))
                                            ^^^^^^^^^^^^^^^^^
  File "C:\Users\HP\Desktop\News\.venv\Lib\site-packages\django\contrib\auth\middleware.py", line 13, in get_user
    request._cached_user = auth.get_user(request)
                           ^^^^^^^^^^^^^^^^^^^^^^
  File "C:\Users\HP\Desktop\News\.venv\Lib\site-packages\django\contrib\auth\__init__.py", line 209, in get_user
    user_id = _get_user_session_key(request)
              ^^^^^^^^^^^^^^^^^^^^^^^^^^^^^^
  File "C:\Users\HP\Desktop\News\.venv\Lib\site-packages\django\contrib\auth\__init__.py", line 62, in _get_user_session_key
    return get_user_model()._meta.pk.to_python(request.session[SESSION_KEY])
                                               ~~~~~~~~~~~~~~~^^^^^^^^^^^^^
  File "C:\Users\HP\Desktop\News\.venv\Lib\site-packages\django\contrib\sessions\backends\base.py", line 53, in __getitem__
    return self._session[key]
           ^^^^^^^^^^^^^
  File "C:\Users\HP\Desktop\News\.venv\Lib\site-packages\django\contrib\sessions\backends\base.py", line 192, in _get_session
    self._session_cache = self.load()
                          ^^^^^^^^^^^
  File "C:\Users\HP\Desktop\News\.venv\Lib\site-packages\django\contrib\sessions\backends\db.py", line 42, in load
    s = self._get_session_from_db()
        ^^^^^^^^^^^^^^^^^^^^^^^^^^^
  File "C:\Users\HP\Desktop\News\.venv\Lib\site-packages\django\contrib\sessions\backends\db.py", line 32, in _get_session_from_db
    return self.model.objects.get(
           ^^^^^^^^^^^^^^^^^^^^^^^
  File "C:\Users\HP\Desktop\News\.venv\Lib\site-packages\django\db\models\manager.py", line 87, in manager_method
    return getattr(self.get_queryset(), name)(*args, **kwargs)
           ^^^^^^^^^^^^^^^^^^^^^^^^^^^^^^^^^^^^^^^^^^^^^^^^^^^
  File "C:\Users\HP\Desktop\News\.venv\Lib\site-packages\django\db\models\query.py", line 645, in get
    num = len(clone)
          ^^^^^^^^^^
  File "C:\Users\HP\Desktop\News\.venv\Lib\site-packages\django\db\models\query.py", line 382, in __len__
    self._fetch_all()
  File "C:\Users\HP\Desktop\News\.venv\Lib\site-packages\django\db\models\query.py", line 1928, in _fetch_all
    self._result_cache = list(self._iterable_class(self))
                         ^^^^^^^^^^^^^^^^^^^^^^^^^^^^^^^^
  File "C:\Users\HP\Desktop\News\.venv\Lib\site-packages\django\db\models\query.py", line 91, in __iter__
    results = compiler.execute_sql(
              ^^^^^^^^^^^^^^^^^^^^^
  File "C:\Users\HP\Desktop\News\.venv\Lib\site-packages\django\db\models\sql\compiler.py", line 1562, in execute_sql
    cursor.execute(sql, params)
  File "C:\Users\HP\Desktop\News\.venv\Lib\site-packages\django\db\backends\utils.py", line 122, in execute
    return super().execute(sql, params)
           ^^^^^^^^^^^^^^^^^^^^^^^^^^^^
  File "C:\Users\HP\Desktop\News\.venv\Lib\site-packages\django\db\backends\utils.py", line 79, in execute
    return self._execute_with_wrappers(
           ^^^^^^^^^^^^^^^^^^^^^^^^^^^^
  File "C:\Users\HP\Desktop\News\.venv\Lib\site-packages\django\db\backends\utils.py", line 92, in _execute_with_wrappers
    return executor(sql, params, many, context)
           ^^^^^^^^^^^^^^^^^^^^^^^^^^^^^^^^^^^^
  File "C:\Users\HP\Desktop\News\.venv\Lib\site-packages\django\db\backends\utils.py", line 100, in _execute
    with self.db.wrap_database_errors:
  File "C:\Users\HP\Desktop\News\.venv\Lib\site-packages\django\db\utils.py", line 91, in __exit__
    raise dj_exc_value.with_traceback(traceback) from exc_value
  File "C:\Users\HP\Desktop\News\.venv\Lib\site-packages\django\db\backends\utils.py", line 105, in _execute
    return self.cursor.execute(sql, params)
           ^^^^^^^^^^^^^^^^^^^^^^^^^^^^^^^^
  File "C:\Users\HP\Desktop\News\.venv\Lib\site-packages\django\db\backends\sqlite3\base.py", line 329, in execute
    return super().execute(query, params)
           ^^^^^^^^^^^^^^^^^^^^^^^^^^^^^^
django.db.utils.OperationalError: database is locked
2024-08-29 21:47:49,315 ERROR Internal Server Error: /admin/news/post/ C:\Users\HP\Desktop\News\.venv\Lib\site-packages\django\utils\log.py (<class 'django.db.utils.OperationalError'>, OperationalError('database is locked'), <traceback object at 0x000002060DF3CC80>)
Traceback (most recent call last):
  File "C:\Users\HP\Desktop\News\.venv\Lib\site-packages\django\contrib\sessions\backends\base.py", line 187, in _get_session
    return self._session_cache
           ^^^^^^^^^^^^^^^^^^^
AttributeError: 'SessionStore' object has no attribute '_session_cache'

During handling of the above exception, another exception occurred:

Traceback (most recent call last):
  File "C:\Users\HP\Desktop\News\.venv\Lib\site-packages\django\db\backends\utils.py", line 105, in _execute
    return self.cursor.execute(sql, params)
           ^^^^^^^^^^^^^^^^^^^^^^^^^^^^^^^^
  File "C:\Users\HP\Desktop\News\.venv\Lib\site-packages\django\db\backends\sqlite3\base.py", line 329, in execute
    return super().execute(query, params)
           ^^^^^^^^^^^^^^^^^^^^^^^^^^^^^^
sqlite3.OperationalError: database is locked

The above exception was the direct cause of the following exception:

Traceback (most recent call last):
  File "C:\Users\HP\Desktop\News\.venv\Lib\site-packages\django\core\handlers\exception.py", line 55, in inner
    response = get_response(request)
               ^^^^^^^^^^^^^^^^^^^^^
  File "C:\Users\HP\Desktop\News\.venv\Lib\site-packages\django\core\handlers\base.py", line 197, in _get_response
    response = wrapped_callback(request, *callback_args, **callback_kwargs)
               ^^^^^^^^^^^^^^^^^^^^^^^^^^^^^^^^^^^^^^^^^^^^^^^^^^^^^^^^^^^^
  File "C:\Users\HP\Desktop\News\.venv\Lib\site-packages\django\contrib\admin\options.py", line 716, in wrapper
    return self.admin_site.admin_view(view)(*args, **kwargs)
           ^^^^^^^^^^^^^^^^^^^^^^^^^^^^^^^^^^^^^^^^^^^^^^^^^
  File "C:\Users\HP\Desktop\News\.venv\Lib\site-packages\django\utils\decorators.py", line 188, in _view_wrapper
    result = _process_exception(request, e)
             ^^^^^^^^^^^^^^^^^^^^^^^^^^^^^^
  File "C:\Users\HP\Desktop\News\.venv\Lib\site-packages\django\utils\decorators.py", line 186, in _view_wrapper
    response = view_func(request, *args, **kwargs)
               ^^^^^^^^^^^^^^^^^^^^^^^^^^^^^^^^^^^
  File "C:\Users\HP\Desktop\News\.venv\Lib\site-packages\django\views\decorators\cache.py", line 80, in _view_wrapper
    response = view_func(request, *args, **kwargs)
               ^^^^^^^^^^^^^^^^^^^^^^^^^^^^^^^^^^^
  File "C:\Users\HP\Desktop\News\.venv\Lib\site-packages\django\contrib\admin\sites.py", line 228, in inner
    if not self.has_permission(request):
           ^^^^^^^^^^^^^^^^^^^^^^^^^^^^
  File "C:\Users\HP\Desktop\News\.venv\Lib\site-packages\django\contrib\admin\sites.py", line 201, in has_permission
    return request.user.is_active and request.user.is_staff
           ^^^^^^^^^^^^^^^^^^^^^^
  File "C:\Users\HP\Desktop\News\.venv\Lib\site-packages\django\utils\functional.py", line 251, in inner
    self._setup()
  File "C:\Users\HP\Desktop\News\.venv\Lib\site-packages\django\utils\functional.py", line 404, in _setup
    self._wrapped = self._setupfunc()
                    ^^^^^^^^^^^^^^^^^
  File "C:\Users\HP\Desktop\News\.venv\Lib\site-packages\django\contrib\auth\middleware.py", line 33, in <lambda>
    request.user = SimpleLazyObject(lambda: get_user(request))
                                            ^^^^^^^^^^^^^^^^^
  File "C:\Users\HP\Desktop\News\.venv\Lib\site-packages\django\contrib\auth\middleware.py", line 13, in get_user
    request._cached_user = auth.get_user(request)
                           ^^^^^^^^^^^^^^^^^^^^^^
  File "C:\Users\HP\Desktop\News\.venv\Lib\site-packages\django\contrib\auth\__init__.py", line 209, in get_user
    user_id = _get_user_session_key(request)
              ^^^^^^^^^^^^^^^^^^^^^^^^^^^^^^
  File "C:\Users\HP\Desktop\News\.venv\Lib\site-packages\django\contrib\auth\__init__.py", line 62, in _get_user_session_key
    return get_user_model()._meta.pk.to_python(request.session[SESSION_KEY])
                                               ~~~~~~~~~~~~~~~^^^^^^^^^^^^^
  File "C:\Users\HP\Desktop\News\.venv\Lib\site-packages\django\contrib\sessions\backends\base.py", line 53, in __getitem__
    return self._session[key]
           ^^^^^^^^^^^^^
  File "C:\Users\HP\Desktop\News\.venv\Lib\site-packages\django\contrib\sessions\backends\base.py", line 192, in _get_session
    self._session_cache = self.load()
                          ^^^^^^^^^^^
  File "C:\Users\HP\Desktop\News\.venv\Lib\site-packages\django\contrib\sessions\backends\db.py", line 42, in load
    s = self._get_session_from_db()
        ^^^^^^^^^^^^^^^^^^^^^^^^^^^
  File "C:\Users\HP\Desktop\News\.venv\Lib\site-packages\django\contrib\sessions\backends\db.py", line 32, in _get_session_from_db
    return self.model.objects.get(
           ^^^^^^^^^^^^^^^^^^^^^^^
  File "C:\Users\HP\Desktop\News\.venv\Lib\site-packages\django\db\models\manager.py", line 87, in manager_method
    return getattr(self.get_queryset(), name)(*args, **kwargs)
           ^^^^^^^^^^^^^^^^^^^^^^^^^^^^^^^^^^^^^^^^^^^^^^^^^^^
  File "C:\Users\HP\Desktop\News\.venv\Lib\site-packages\django\db\models\query.py", line 645, in get
    num = len(clone)
          ^^^^^^^^^^
  File "C:\Users\HP\Desktop\News\.venv\Lib\site-packages\django\db\models\query.py", line 382, in __len__
    self._fetch_all()
  File "C:\Users\HP\Desktop\News\.venv\Lib\site-packages\django\db\models\query.py", line 1928, in _fetch_all
    self._result_cache = list(self._iterable_class(self))
                         ^^^^^^^^^^^^^^^^^^^^^^^^^^^^^^^^
  File "C:\Users\HP\Desktop\News\.venv\Lib\site-packages\django\db\models\query.py", line 91, in __iter__
    results = compiler.execute_sql(
              ^^^^^^^^^^^^^^^^^^^^^
  File "C:\Users\HP\Desktop\News\.venv\Lib\site-packages\django\db\models\sql\compiler.py", line 1562, in execute_sql
    cursor.execute(sql, params)
  File "C:\Users\HP\Desktop\News\.venv\Lib\site-packages\django\db\backends\utils.py", line 122, in execute
    return super().execute(sql, params)
           ^^^^^^^^^^^^^^^^^^^^^^^^^^^^
  File "C:\Users\HP\Desktop\News\.venv\Lib\site-packages\django\db\backends\utils.py", line 79, in execute
    return self._execute_with_wrappers(
           ^^^^^^^^^^^^^^^^^^^^^^^^^^^^
  File "C:\Users\HP\Desktop\News\.venv\Lib\site-packages\django\db\backends\utils.py", line 92, in _execute_with_wrappers
    return executor(sql, params, many, context)
           ^^^^^^^^^^^^^^^^^^^^^^^^^^^^^^^^^^^^
  File "C:\Users\HP\Desktop\News\.venv\Lib\site-packages\django\db\backends\utils.py", line 100, in _execute
    with self.db.wrap_database_errors:
  File "C:\Users\HP\Desktop\News\.venv\Lib\site-packages\django\db\utils.py", line 91, in __exit__
    raise dj_exc_value.with_traceback(traceback) from exc_value
  File "C:\Users\HP\Desktop\News\.venv\Lib\site-packages\django\db\backends\utils.py", line 105, in _execute
    return self.cursor.execute(sql, params)
           ^^^^^^^^^^^^^^^^^^^^^^^^^^^^^^^^
  File "C:\Users\HP\Desktop\News\.venv\Lib\site-packages\django\db\backends\sqlite3\base.py", line 329, in execute
    return super().execute(query, params)
           ^^^^^^^^^^^^^^^^^^^^^^^^^^^^^^
django.db.utils.OperationalError: database is locked
2024-08-29 21:47:49,328 INFO - Broken pipe from ('127.0.0.1', 61517) C:\Users\HP\Desktop\News\.venv\Lib\site-packages\django\core\servers\basehttp.py None
2024-08-29 21:47:49,339 INFO - Broken pipe from ('127.0.0.1', 61539) C:\Users\HP\Desktop\News\.venv\Lib\site-packages\django\core\servers\basehttp.py None
2024-08-29 21:48:27,092 INFO "GET /admin/news/post/ HTTP/1.1" 200 25266 C:\Users\HP\Desktop\News\.venv\Lib\site-packages\django\core\servers\basehttp.py None
2024-08-29 21:48:27,165 INFO "GET /admin/jsi18n/ HTTP/1.1" 200 3342 C:\Users\HP\Desktop\News\.venv\Lib\site-packages\django\core\servers\basehttp.py None
2024-08-29 21:48:29,518 INFO "GET /admin/news/post/ HTTP/1.1" 200 25266 C:\Users\HP\Desktop\News\.venv\Lib\site-packages\django\core\servers\basehttp.py None
2024-08-29 21:48:29,590 INFO "GET /admin/jsi18n/ HTTP/1.1" 200 3342 C:\Users\HP\Desktop\News\.venv\Lib\site-packages\django\core\servers\basehttp.py None
2024-08-29 21:48:50,574 INFO "GET /admin/news/post/64/change/ HTTP/1.1" 200 17230 C:\Users\HP\Desktop\News\.venv\Lib\site-packages\django\core\servers\basehttp.py None
2024-08-29 21:48:50,659 INFO "GET /static/admin/css/forms.css HTTP/1.1" 200 9090 C:\Users\HP\Desktop\News\.venv\Lib\site-packages\django\core\servers\basehttp.py None
2024-08-29 21:48:50,669 INFO "GET /admin/jsi18n/ HTTP/1.1" 200 3342 C:\Users\HP\Desktop\News\.venv\Lib\site-packages\django\core\servers\basehttp.py None
2024-08-29 21:48:50,686 INFO "GET /static/admin/css/widgets.css HTTP/1.1" 200 11800 C:\Users\HP\Desktop\News\.venv\Lib\site-packages\django\core\servers\basehttp.py None
2024-08-29 21:48:50,688 INFO "GET /static/admin/js/prepopulate_init.js HTTP/1.1" 200 586 C:\Users\HP\Desktop\News\.venv\Lib\site-packages\django\core\servers\basehttp.py None
2024-08-29 21:48:50,722 INFO "GET /static/admin/js/change_form.js HTTP/1.1" 200 606 C:\Users\HP\Desktop\News\.venv\Lib\site-packages\django\core\servers\basehttp.py None
2024-08-29 21:48:50,742 INFO "GET /static/admin/img/tooltag-arrowright.svg HTTP/1.1" 200 280 C:\Users\HP\Desktop\News\.venv\Lib\site-packages\django\core\servers\basehttp.py None
2024-08-29 21:48:52,825 INFO "GET /admin/news/post/64/delete/ HTTP/1.1" 200 11476 C:\Users\HP\Desktop\News\.venv\Lib\site-packages\django\core\servers\basehttp.py None
2024-08-29 21:48:52,934 INFO "GET /static/admin/js/cancel.js HTTP/1.1" 200 884 C:\Users\HP\Desktop\News\.venv\Lib\site-packages\django\core\servers\basehttp.py None
2024-08-29 21:48:57,591 INFO "POST /admin/news/post/64/delete/ HTTP/1.1" 302 0 C:\Users\HP\Desktop\News\.venv\Lib\site-packages\django\core\servers\basehttp.py None
2024-08-29 21:48:57,691 INFO "GET /admin/news/post/ HTTP/1.1" 200 25041 C:\Users\HP\Desktop\News\.venv\Lib\site-packages\django\core\servers\basehttp.py None
2024-08-29 21:48:57,782 INFO "GET /admin/jsi18n/ HTTP/1.1" 200 3342 C:\Users\HP\Desktop\News\.venv\Lib\site-packages\django\core\servers\basehttp.py None
2024-08-29 21:48:57,812 INFO "GET /static/admin/img/icon-yes.svg HTTP/1.1" 304 0 C:\Users\HP\Desktop\News\.venv\Lib\site-packages\django\core\servers\basehttp.py None
2024-08-29 21:48:58,176 ERROR Internal Server Error: /news/create/ C:\Users\HP\Desktop\News\.venv\Lib\site-packages\django\utils\log.py (<class 'kombu.exceptions.OperationalError'>, OperationalError('Error 10061 connecting to localhost:6379. Подключение не установлено, т.к. конечный компьютер отверг запрос на подключение.'), <traceback object at 0x000002060E04E300>)
Traceback (most recent call last):
  File "C:\Users\HP\Desktop\News\.venv\Lib\site-packages\redis\connection.py", line 277, in connect
    sock = self.retry.call_with_retry(
           ^^^^^^^^^^^^^^^^^^^^^^^^^^^
  File "C:\Users\HP\Desktop\News\.venv\Lib\site-packages\redis\retry.py", line 62, in call_with_retry
    return do()
           ^^^^
  File "C:\Users\HP\Desktop\News\.venv\Lib\site-packages\redis\connection.py", line 278, in <lambda>
    lambda: self._connect(), lambda error: self.disconnect(error)
            ^^^^^^^^^^^^^^^
  File "C:\Users\HP\Desktop\News\.venv\Lib\site-packages\redis\connection.py", line 639, in _connect
    raise err
  File "C:\Users\HP\Desktop\News\.venv\Lib\site-packages\redis\connection.py", line 627, in _connect
    sock.connect(socket_address)
ConnectionRefusedError: [WinError 10061] Подключение не установлено, т.к. конечный компьютер отверг запрос на подключение

During handling of the above exception, another exception occurred:

Traceback (most recent call last):
  File "C:\Users\HP\Desktop\News\.venv\Lib\site-packages\celery\backends\redis.py", line 127, in reconnect_on_error
    yield
  File "C:\Users\HP\Desktop\News\.venv\Lib\site-packages\celery\backends\redis.py", line 177, in _consume_from
    self._pubsub.subscribe(key)
  File "C:\Users\HP\Desktop\News\.venv\Lib\site-packages\redis\client.py", line 932, in subscribe
    ret_val = self.execute_command("SUBSCRIBE", *new_channels.keys())
              ^^^^^^^^^^^^^^^^^^^^^^^^^^^^^^^^^^^^^^^^^^^^^^^^^^^^^^^
  File "C:\Users\HP\Desktop\News\.venv\Lib\site-packages\redis\client.py", line 761, in execute_command
    self.connection = self.connection_pool.get_connection(
                      ^^^^^^^^^^^^^^^^^^^^^^^^^^^^^^^^^^^^
  File "C:\Users\HP\Desktop\News\.venv\Lib\site-packages\redis\connection.py", line 1074, in get_connection
    connection.connect()
  File "C:\Users\HP\Desktop\News\.venv\Lib\site-packages\redis\connection.py", line 283, in connect
    raise ConnectionError(self._error_message(e))
redis.exceptions.ConnectionError: Error 10061 connecting to localhost:6379. Подключение не установлено, т.к. конечный компьютер отверг запрос на подключение.

During handling of the above exception, another exception occurred:

Traceback (most recent call last):
  File "C:\Users\HP\Desktop\News\.venv\Lib\site-packages\redis\connection.py", line 277, in connect
    sock = self.retry.call_with_retry(
           ^^^^^^^^^^^^^^^^^^^^^^^^^^^
  File "C:\Users\HP\Desktop\News\.venv\Lib\site-packages\redis\retry.py", line 62, in call_with_retry
    return do()
           ^^^^
  File "C:\Users\HP\Desktop\News\.venv\Lib\site-packages\redis\connection.py", line 278, in <lambda>
    lambda: self._connect(), lambda error: self.disconnect(error)
            ^^^^^^^^^^^^^^^
  File "C:\Users\HP\Desktop\News\.venv\Lib\site-packages\redis\connection.py", line 639, in _connect
    raise err
  File "C:\Users\HP\Desktop\News\.venv\Lib\site-packages\redis\connection.py", line 627, in _connect
    sock.connect(socket_address)
ConnectionRefusedError: [WinError 10061] Подключение не установлено, т.к. конечный компьютер отверг запрос на подключение

During handling of the above exception, another exception occurred:

Traceback (most recent call last):
  File "C:\Users\HP\Desktop\News\.venv\Lib\site-packages\kombu\connection.py", line 472, in _reraise_as_library_errors
    yield
  File "C:\Users\HP\Desktop\News\.venv\Lib\site-packages\celery\app\base.py", line 800, in send_task
    self.backend.on_task_call(P, task_id)
  File "C:\Users\HP\Desktop\News\.venv\Lib\site-packages\celery\backends\redis.py", line 373, in on_task_call
    self.result_consumer.consume_from(task_id)
  File "C:\Users\HP\Desktop\News\.venv\Lib\site-packages\celery\backends\redis.py", line 169, in consume_from
    return self.start(task_id)
           ^^^^^^^^^^^^^^^^^^^
  File "C:\Users\HP\Desktop\News\.venv\Lib\site-packages\celery\backends\redis.py", line 147, in start
    self._consume_from(initial_task_id)
  File "C:\Users\HP\Desktop\News\.venv\Lib\site-packages\celery\backends\redis.py", line 176, in _consume_from
    with self.reconnect_on_error():
  File "C:\Users\HP\AppData\Local\Programs\Python\Python312\Lib\contextlib.py", line 158, in __exit__
    self.gen.throw(value)
  File "C:\Users\HP\Desktop\News\.venv\Lib\site-packages\celery\backends\redis.py", line 130, in reconnect_on_error
    self._ensure(self._reconnect_pubsub, ())
  File "C:\Users\HP\Desktop\News\.venv\Lib\site-packages\celery\backends\redis.py", line 384, in ensure
    return retry_over_time(
           ^^^^^^^^^^^^^^^^
  File "C:\Users\HP\Desktop\News\.venv\Lib\site-packages\kombu\utils\functional.py", line 318, in retry_over_time
    return fun(*args, **kwargs)
           ^^^^^^^^^^^^^^^^^^^^
  File "C:\Users\HP\Desktop\News\.venv\Lib\site-packages\celery\backends\redis.py", line 106, in _reconnect_pubsub
    metas = self.backend.client.mget(self.subscribed_to)
            ^^^^^^^^^^^^^^^^^^^^^^^^^^^^^^^^^^^^^^^^^^^^
  File "C:\Users\HP\Desktop\News\.venv\Lib\site-packages\redis\commands\core.py", line 2007, in mget
    return self.execute_command("MGET", *args, **options)
           ^^^^^^^^^^^^^^^^^^^^^^^^^^^^^^^^^^^^^^^^^^^^^^
  File "C:\Users\HP\Desktop\News\.venv\Lib\site-packages\redis\client.py", line 545, in execute_command
    conn = self.connection or pool.get_connection(command_name, **options)
                              ^^^^^^^^^^^^^^^^^^^^^^^^^^^^^^^^^^^^^^^^^^^^
  File "C:\Users\HP\Desktop\News\.venv\Lib\site-packages\redis\connection.py", line 1074, in get_connection
    connection.connect()
  File "C:\Users\HP\Desktop\News\.venv\Lib\site-packages\redis\connection.py", line 283, in connect
    raise ConnectionError(self._error_message(e))
redis.exceptions.ConnectionError: Error 10061 connecting to localhost:6379. Подключение не установлено, т.к. конечный компьютер отверг запрос на подключение.

The above exception was the direct cause of the following exception:

Traceback (most recent call last):
  File "C:\Users\HP\Desktop\News\.venv\Lib\site-packages\django\core\handlers\exception.py", line 55, in inner
    response = get_response(request)
               ^^^^^^^^^^^^^^^^^^^^^
  File "C:\Users\HP\Desktop\News\.venv\Lib\site-packages\django\core\handlers\base.py", line 197, in _get_response
    response = wrapped_callback(request, *callback_args, **callback_kwargs)
               ^^^^^^^^^^^^^^^^^^^^^^^^^^^^^^^^^^^^^^^^^^^^^^^^^^^^^^^^^^^^
  File "C:\Users\HP\Desktop\News\.venv\Lib\site-packages\django\views\generic\base.py", line 104, in view
    return self.dispatch(request, *args, **kwargs)
           ^^^^^^^^^^^^^^^^^^^^^^^^^^^^^^^^^^^^^^^
  File "C:\Users\HP\Desktop\News\.venv\Lib\site-packages\django\contrib\auth\mixins.py", line 109, in dispatch
    return super().dispatch(request, *args, **kwargs)
           ^^^^^^^^^^^^^^^^^^^^^^^^^^^^^^^^^^^^^^^^^^
  File "C:\Users\HP\Desktop\News\.venv\Lib\site-packages\django\views\generic\base.py", line 143, in dispatch
    return handler(request, *args, **kwargs)
           ^^^^^^^^^^^^^^^^^^^^^^^^^^^^^^^^^
  File "C:\Users\HP\Desktop\News\.venv\Lib\site-packages\django\views\generic\edit.py", line 182, in post
    return super().post(request, *args, **kwargs)
           ^^^^^^^^^^^^^^^^^^^^^^^^^^^^^^^^^^^^^^
  File "C:\Users\HP\Desktop\News\.venv\Lib\site-packages\django\views\generic\edit.py", line 151, in post
    return self.form_valid(form)
           ^^^^^^^^^^^^^^^^^^^^^
  File "C:\Users\HP\Desktop\News\.venv\Lib\site-packages\django\views\generic\edit.py", line 133, in form_valid
    self.object = form.save()
                  ^^^^^^^^^^^
  File "C:\Users\HP\Desktop\News\.venv\Lib\site-packages\django\forms\models.py", line 553, in save
    self._save_m2m()
  File "C:\Users\HP\Desktop\News\.venv\Lib\site-packages\django\forms\models.py", line 534, in _save_m2m
    f.save_form_data(self.instance, cleaned_data[f.name])
  File "C:\Users\HP\Desktop\News\.venv\Lib\site-packages\django\db\models\fields\related.py", line 1979, in save_form_data
    getattr(instance, self.attname).set(data)
  File "C:\Users\HP\Desktop\News\.venv\Lib\site-packages\django\db\models\fields\related_descriptors.py", line 1300, in set
    self.add(*new_objs, through_defaults=through_defaults)
  File "C:\Users\HP\Desktop\News\.venv\Lib\site-packages\django\db\models\fields\related_descriptors.py", line 1201, in add
    self._add_items(
  File "C:\Users\HP\Desktop\News\.venv\Lib\site-packages\django\db\models\fields\related_descriptors.py", line 1486, in _add_items
    signals.m2m_changed.send(
  File "C:\Users\HP\Desktop\News\.venv\Lib\site-packages\django\dispatch\dispatcher.py", line 189, in send
    response = receiver(signal=self, sender=sender, **named)
               ^^^^^^^^^^^^^^^^^^^^^^^^^^^^^^^^^^^^^^^^^^^^^
  File "C:\Users\HP\Desktop\News\BBC\news\signals.py", line 9, in post_created_signals
    post_created.delay(instance.id)
  File "C:\Users\HP\Desktop\News\.venv\Lib\site-packages\celery\app\task.py", line 444, in delay
    return self.apply_async(args, kwargs)
           ^^^^^^^^^^^^^^^^^^^^^^^^^^^^^^
  File "C:\Users\HP\Desktop\News\.venv\Lib\site-packages\celery\app\task.py", line 594, in apply_async
    return app.send_task(
           ^^^^^^^^^^^^^^
  File "C:\Users\HP\Desktop\News\.venv\Lib\site-packages\celery\app\base.py", line 798, in send_task
    with P.connection._reraise_as_library_errors():
  File "C:\Users\HP\AppData\Local\Programs\Python\Python312\Lib\contextlib.py", line 158, in __exit__
    self.gen.throw(value)
  File "C:\Users\HP\Desktop\News\.venv\Lib\site-packages\kombu\connection.py", line 476, in _reraise_as_library_errors
    raise ConnectionError(str(exc)) from exc
kombu.exceptions.OperationalError: Error 10061 connecting to localhost:6379. Подключение не установлено, т.к. конечный компьютер отверг запрос на подключение.
2024-08-29 21:48:58,199 INFO - Broken pipe from ('127.0.0.1', 61518) C:\Users\HP\Desktop\News\.venv\Lib\site-packages\django\core\servers\basehttp.py None
2024-08-29 21:49:07,350 INFO "GET /news HTTP/1.1" 301 0 C:\Users\HP\Desktop\News\.venv\Lib\site-packages\django\core\servers\basehttp.py None
2024-08-29 21:49:07,408 INFO "GET /news/ HTTP/1.1" 200 5475 C:\Users\HP\Desktop\News\.venv\Lib\site-packages\django\core\servers\basehttp.py None
2024-08-29 21:49:09,371 INFO "GET /news/ HTTP/1.1" 200 5475 C:\Users\HP\Desktop\News\.venv\Lib\site-packages\django\core\servers\basehttp.py None
2024-08-29 21:49:36,236 INFO "GET /news/ HTTP/1.1" 200 5475 C:\Users\HP\Desktop\News\.venv\Lib\site-packages\django\core\servers\basehttp.py None
2024-08-29 21:50:51,430 ERROR Internal Server Error: /news/create/ C:\Users\HP\Desktop\News\.venv\Lib\site-packages\django\utils\log.py (<class 'kombu.exceptions.OperationalError'>, OperationalError('Error 10061 connecting to localhost:6379. Подключение не установлено, т.к. конечный компьютер отверг запрос на подключение.'), <traceback object at 0x000002060DEFEB00>)
Traceback (most recent call last):
  File "C:\Users\HP\Desktop\News\.venv\Lib\site-packages\redis\connection.py", line 277, in connect
    sock = self.retry.call_with_retry(
           ^^^^^^^^^^^^^^^^^^^^^^^^^^^
  File "C:\Users\HP\Desktop\News\.venv\Lib\site-packages\redis\retry.py", line 62, in call_with_retry
    return do()
           ^^^^
  File "C:\Users\HP\Desktop\News\.venv\Lib\site-packages\redis\connection.py", line 278, in <lambda>
    lambda: self._connect(), lambda error: self.disconnect(error)
            ^^^^^^^^^^^^^^^
  File "C:\Users\HP\Desktop\News\.venv\Lib\site-packages\redis\connection.py", line 639, in _connect
    raise err
  File "C:\Users\HP\Desktop\News\.venv\Lib\site-packages\redis\connection.py", line 627, in _connect
    sock.connect(socket_address)
ConnectionRefusedError: [WinError 10061] Подключение не установлено, т.к. конечный компьютер отверг запрос на подключение

During handling of the above exception, another exception occurred:

Traceback (most recent call last):
  File "C:\Users\HP\Desktop\News\.venv\Lib\site-packages\celery\backends\redis.py", line 127, in reconnect_on_error
    yield
  File "C:\Users\HP\Desktop\News\.venv\Lib\site-packages\celery\backends\redis.py", line 177, in _consume_from
    self._pubsub.subscribe(key)
  File "C:\Users\HP\Desktop\News\.venv\Lib\site-packages\redis\client.py", line 932, in subscribe
    ret_val = self.execute_command("SUBSCRIBE", *new_channels.keys())
              ^^^^^^^^^^^^^^^^^^^^^^^^^^^^^^^^^^^^^^^^^^^^^^^^^^^^^^^
  File "C:\Users\HP\Desktop\News\.venv\Lib\site-packages\redis\client.py", line 761, in execute_command
    self.connection = self.connection_pool.get_connection(
                      ^^^^^^^^^^^^^^^^^^^^^^^^^^^^^^^^^^^^
  File "C:\Users\HP\Desktop\News\.venv\Lib\site-packages\redis\connection.py", line 1074, in get_connection
    connection.connect()
  File "C:\Users\HP\Desktop\News\.venv\Lib\site-packages\redis\connection.py", line 283, in connect
    raise ConnectionError(self._error_message(e))
redis.exceptions.ConnectionError: Error 10061 connecting to localhost:6379. Подключение не установлено, т.к. конечный компьютер отверг запрос на подключение.

During handling of the above exception, another exception occurred:

Traceback (most recent call last):
  File "C:\Users\HP\Desktop\News\.venv\Lib\site-packages\redis\connection.py", line 277, in connect
    sock = self.retry.call_with_retry(
           ^^^^^^^^^^^^^^^^^^^^^^^^^^^
  File "C:\Users\HP\Desktop\News\.venv\Lib\site-packages\redis\retry.py", line 62, in call_with_retry
    return do()
           ^^^^
  File "C:\Users\HP\Desktop\News\.venv\Lib\site-packages\redis\connection.py", line 278, in <lambda>
    lambda: self._connect(), lambda error: self.disconnect(error)
            ^^^^^^^^^^^^^^^
  File "C:\Users\HP\Desktop\News\.venv\Lib\site-packages\redis\connection.py", line 639, in _connect
    raise err
  File "C:\Users\HP\Desktop\News\.venv\Lib\site-packages\redis\connection.py", line 627, in _connect
    sock.connect(socket_address)
ConnectionRefusedError: [WinError 10061] Подключение не установлено, т.к. конечный компьютер отверг запрос на подключение

During handling of the above exception, another exception occurred:

Traceback (most recent call last):
  File "C:\Users\HP\Desktop\News\.venv\Lib\site-packages\kombu\connection.py", line 472, in _reraise_as_library_errors
    yield
  File "C:\Users\HP\Desktop\News\.venv\Lib\site-packages\celery\app\base.py", line 800, in send_task
    self.backend.on_task_call(P, task_id)
  File "C:\Users\HP\Desktop\News\.venv\Lib\site-packages\celery\backends\redis.py", line 373, in on_task_call
    self.result_consumer.consume_from(task_id)
  File "C:\Users\HP\Desktop\News\.venv\Lib\site-packages\celery\backends\redis.py", line 169, in consume_from
    return self.start(task_id)
           ^^^^^^^^^^^^^^^^^^^
  File "C:\Users\HP\Desktop\News\.venv\Lib\site-packages\celery\backends\redis.py", line 147, in start
    self._consume_from(initial_task_id)
  File "C:\Users\HP\Desktop\News\.venv\Lib\site-packages\celery\backends\redis.py", line 176, in _consume_from
    with self.reconnect_on_error():
  File "C:\Users\HP\AppData\Local\Programs\Python\Python312\Lib\contextlib.py", line 158, in __exit__
    self.gen.throw(value)
  File "C:\Users\HP\Desktop\News\.venv\Lib\site-packages\celery\backends\redis.py", line 130, in reconnect_on_error
    self._ensure(self._reconnect_pubsub, ())
  File "C:\Users\HP\Desktop\News\.venv\Lib\site-packages\celery\backends\redis.py", line 384, in ensure
    return retry_over_time(
           ^^^^^^^^^^^^^^^^
  File "C:\Users\HP\Desktop\News\.venv\Lib\site-packages\kombu\utils\functional.py", line 318, in retry_over_time
    return fun(*args, **kwargs)
           ^^^^^^^^^^^^^^^^^^^^
  File "C:\Users\HP\Desktop\News\.venv\Lib\site-packages\celery\backends\redis.py", line 106, in _reconnect_pubsub
    metas = self.backend.client.mget(self.subscribed_to)
            ^^^^^^^^^^^^^^^^^^^^^^^^^^^^^^^^^^^^^^^^^^^^
  File "C:\Users\HP\Desktop\News\.venv\Lib\site-packages\redis\commands\core.py", line 2007, in mget
    return self.execute_command("MGET", *args, **options)
           ^^^^^^^^^^^^^^^^^^^^^^^^^^^^^^^^^^^^^^^^^^^^^^
  File "C:\Users\HP\Desktop\News\.venv\Lib\site-packages\redis\client.py", line 545, in execute_command
    conn = self.connection or pool.get_connection(command_name, **options)
                              ^^^^^^^^^^^^^^^^^^^^^^^^^^^^^^^^^^^^^^^^^^^^
  File "C:\Users\HP\Desktop\News\.venv\Lib\site-packages\redis\connection.py", line 1074, in get_connection
    connection.connect()
  File "C:\Users\HP\Desktop\News\.venv\Lib\site-packages\redis\connection.py", line 283, in connect
    raise ConnectionError(self._error_message(e))
redis.exceptions.ConnectionError: Error 10061 connecting to localhost:6379. Подключение не установлено, т.к. конечный компьютер отверг запрос на подключение.

The above exception was the direct cause of the following exception:

Traceback (most recent call last):
  File "C:\Users\HP\Desktop\News\.venv\Lib\site-packages\django\core\handlers\exception.py", line 55, in inner
    response = get_response(request)
               ^^^^^^^^^^^^^^^^^^^^^
  File "C:\Users\HP\Desktop\News\.venv\Lib\site-packages\django\core\handlers\base.py", line 197, in _get_response
    response = wrapped_callback(request, *callback_args, **callback_kwargs)
               ^^^^^^^^^^^^^^^^^^^^^^^^^^^^^^^^^^^^^^^^^^^^^^^^^^^^^^^^^^^^
  File "C:\Users\HP\Desktop\News\.venv\Lib\site-packages\django\views\generic\base.py", line 104, in view
    return self.dispatch(request, *args, **kwargs)
           ^^^^^^^^^^^^^^^^^^^^^^^^^^^^^^^^^^^^^^^
  File "C:\Users\HP\Desktop\News\.venv\Lib\site-packages\django\contrib\auth\mixins.py", line 109, in dispatch
    return super().dispatch(request, *args, **kwargs)
           ^^^^^^^^^^^^^^^^^^^^^^^^^^^^^^^^^^^^^^^^^^
  File "C:\Users\HP\Desktop\News\.venv\Lib\site-packages\django\views\generic\base.py", line 143, in dispatch
    return handler(request, *args, **kwargs)
           ^^^^^^^^^^^^^^^^^^^^^^^^^^^^^^^^^
  File "C:\Users\HP\Desktop\News\.venv\Lib\site-packages\django\views\generic\edit.py", line 182, in post
    return super().post(request, *args, **kwargs)
           ^^^^^^^^^^^^^^^^^^^^^^^^^^^^^^^^^^^^^^
  File "C:\Users\HP\Desktop\News\.venv\Lib\site-packages\django\views\generic\edit.py", line 151, in post
    return self.form_valid(form)
           ^^^^^^^^^^^^^^^^^^^^^
  File "C:\Users\HP\Desktop\News\.venv\Lib\site-packages\django\views\generic\edit.py", line 133, in form_valid
    self.object = form.save()
                  ^^^^^^^^^^^
  File "C:\Users\HP\Desktop\News\.venv\Lib\site-packages\django\forms\models.py", line 553, in save
    self._save_m2m()
  File "C:\Users\HP\Desktop\News\.venv\Lib\site-packages\django\forms\models.py", line 534, in _save_m2m
    f.save_form_data(self.instance, cleaned_data[f.name])
  File "C:\Users\HP\Desktop\News\.venv\Lib\site-packages\django\db\models\fields\related.py", line 1979, in save_form_data
    getattr(instance, self.attname).set(data)
  File "C:\Users\HP\Desktop\News\.venv\Lib\site-packages\django\db\models\fields\related_descriptors.py", line 1300, in set
    self.add(*new_objs, through_defaults=through_defaults)
  File "C:\Users\HP\Desktop\News\.venv\Lib\site-packages\django\db\models\fields\related_descriptors.py", line 1201, in add
    self._add_items(
  File "C:\Users\HP\Desktop\News\.venv\Lib\site-packages\django\db\models\fields\related_descriptors.py", line 1486, in _add_items
    signals.m2m_changed.send(
  File "C:\Users\HP\Desktop\News\.venv\Lib\site-packages\django\dispatch\dispatcher.py", line 189, in send
    response = receiver(signal=self, sender=sender, **named)
               ^^^^^^^^^^^^^^^^^^^^^^^^^^^^^^^^^^^^^^^^^^^^^
  File "C:\Users\HP\Desktop\News\BBC\news\signals.py", line 9, in post_created_signals
    post_created.delay(instance.id)
  File "C:\Users\HP\Desktop\News\.venv\Lib\site-packages\celery\app\task.py", line 444, in delay
    return self.apply_async(args, kwargs)
           ^^^^^^^^^^^^^^^^^^^^^^^^^^^^^^
  File "C:\Users\HP\Desktop\News\.venv\Lib\site-packages\celery\app\task.py", line 594, in apply_async
    return app.send_task(
           ^^^^^^^^^^^^^^
  File "C:\Users\HP\Desktop\News\.venv\Lib\site-packages\celery\app\base.py", line 798, in send_task
    with P.connection._reraise_as_library_errors():
  File "C:\Users\HP\AppData\Local\Programs\Python\Python312\Lib\contextlib.py", line 158, in __exit__
    self.gen.throw(value)
  File "C:\Users\HP\Desktop\News\.venv\Lib\site-packages\kombu\connection.py", line 476, in _reraise_as_library_errors
    raise ConnectionError(str(exc)) from exc
kombu.exceptions.OperationalError: Error 10061 connecting to localhost:6379. Подключение не установлено, т.к. конечный компьютер отверг запрос на подключение.
2024-08-29 21:50:51,439 INFO - Broken pipe from ('127.0.0.1', 61540) C:\Users\HP\Desktop\News\.venv\Lib\site-packages\django\core\servers\basehttp.py None
2024-08-29 21:52:16,166 INFO "GET /news/ HTTP/1.1" 200 5475 C:\Users\HP\Desktop\News\.venv\Lib\site-packages\django\core\servers\basehttp.py None
2024-08-29 21:52:38,464 INFO "GET /news/ HTTP/1.1" 200 5475 C:\Users\HP\Desktop\News\.venv\Lib\site-packages\django\core\servers\basehttp.py None
2024-08-29 21:53:02,228 INFO "GET /news/ HTTP/1.1" 200 5475 C:\Users\HP\Desktop\News\.venv\Lib\site-packages\django\core\servers\basehttp.py None
2024-08-29 21:57:52,978 INFO "GET /news/ HTTP/1.1" 200 5475 C:\Users\HP\Desktop\News\.venv\Lib\site-packages\django\core\servers\basehttp.py None
2024-08-29 21:59:30,890 INFO "GET /news/ HTTP/1.1" 200 5475 C:\Users\HP\Desktop\News\.venv\Lib\site-packages\django\core\servers\basehttp.py None
2024-08-29 21:59:32,450 INFO "GET /news/create/ HTTP/1.1" 200 4303 C:\Users\HP\Desktop\News\.venv\Lib\site-packages\django\core\servers\basehttp.py None
2024-08-29 21:59:45,497 WARNING "POST /news/create/ HTTP/1.1" 403 2505 C:\Users\HP\Desktop\News\.venv\Lib\site-packages\django\core\servers\basehttp.py None
2024-08-29 22:00:06,552 INFO "GET /news/ HTTP/1.1" 200 5475 C:\Users\HP\Desktop\News\.venv\Lib\site-packages\django\core\servers\basehttp.py None
